time="2025-06-01T01:36:12+08:00" level=info msg="level=info msg=\"Server running on: 7080\""
time="2025-06-01T01:36:12+08:00" level=info msg="level=info msg=\"Server running on: 8080\""
time="2025-06-01T01:36:12+08:00" level=info msg="level=info msg=\"正在監聽事件\""
time="2025-06-01T01:36:12+08:00" level=info msg="level=info msg=\"正在監聽事件\""
time="2025-06-01T01:36:13+08:00" level=info msg="level=info msg=\"Server running on: 9080\""
time="2025-06-01T01:36:13+08:00" level=info msg="level=info msg=\"正在監聽事件\""
time="2025-06-01T01:36:19+08:00" level=info msg="level=info msg=\"Processing request...\" ip=118.168.215.210 method=GET path=/start_upload"
time="2025-06-01T01:36:19+08:00" level=info msg="level=info msg=\"Receive start train signal\""
time="2025-06-01T01:36:21+08:00" level=info msg="level=info msg=\"已更新AppContext, Session: sess-1748712979882118633\""
time="2025-06-01T01:36:24+08:00" level=info msg="level=info msg=\"收到訓練通知\""
time="2025-06-01T01:36:24+08:00" level=info msg="level=info msg=\"已更新 AppContext, Session: sess-1748712979882118633\""
time="2025-06-01T01:36:24+08:00" level=info msg="level=info msg=\"StartTraining 成功送出: \""
time="2025-06-01T01:36:24+08:00" level=info msg="level=info msg=\"收到訓練通知\""
time="2025-06-01T01:36:24+08:00" level=info msg="level=info msg=\"收到訓練通知\""
time="2025-06-01T01:36:24+08:00" level=info msg="level=info msg=\"已更新 AppContext, Session: sess-1748712979882118633\""
time="2025-06-01T01:36:25+08:00" level=info msg="level=info msg=\"成功參與訓練\""
time="2025-06-01T01:36:25+08:00" level=info msg="level=info msg=\"成功參與訓練\""
time="2025-06-01T01:36:25+08:00" level=info msg="level=info msg=\"成功參與訓練\""
time="2025-06-01T01:36:26+08:00" level=info msg="level=info msg=\"Processing request...\" ip=118.168.215.210 method=POST path=/upload_data"
time="2025-06-01T01:36:29+08:00" level=info msg="level=info msg=\"Upload to Fabric elapsed time: 2.664974527s\""
time="2025-06-01T01:36:29+08:00" level=info msg="level=info msg=\"Upload training data successful\""
time="2025-06-01T01:36:34+08:00" level=info msg="level=info msg=\"Processing request...\" ip=118.168.215.210 method=POST path=/upload_data"
time="2025-06-01T01:36:36+08:00" level=info msg="level=info msg=\"Upload to Fabric elapsed time: 2.092274211s\""
time="2025-06-01T01:36:36+08:00" level=info msg="level=info msg=\"Upload training data successful\""
time="2025-06-01T01:36:37+08:00" level=info msg="level=info msg=\"Processing request...\" ip=118.168.215.210 method=POST path=/upload_data"
time="2025-06-01T01:36:39+08:00" level=info msg="level=info msg=\"Upload to Fabric elapsed time: 2.129086787s\""
time="2025-06-01T01:36:39+08:00" level=info msg="level=info msg=\"Upload training data successful\""
time="2025-06-01T01:36:42+08:00" level=info msg="level=info msg=\"Processing request...\" ip=118.168.215.210 method=GET path=/end_upload"
time="2025-06-01T01:36:42+08:00" level=info msg="level=info msg=\"Stop uploading process...\""
time="2025-06-01T01:36:42+08:00" level=info msg="level=info msg=\"&[Org2MSP Org1MSP Org3MSP]\""
time="2025-06-01T01:36:42+08:00" level=info msg="level=info msg=\"End uploading process successfule...\""
time="2025-06-01T01:36:43+08:00" level=info msg="level=info msg=\"Processing request...\" ip=118.168.215.210 method=POST path=/get_data"
time="2025-06-01T01:36:43+08:00" level=info msg="level=info msg=\"Query data successfully\""
time="2025-06-01T01:36:43+08:00" level=info msg="level=info msg=\"Sending data to enclave server...\""
time="2025-06-01T01:36:43+08:00" level=info msg="level=info msg=\"Processing request...\" ip=118.168.215.210 method=POST path=/get_data"
time="2025-06-01T01:36:43+08:00" level=info msg="level=info msg=\"Query data successfully\""
time="2025-06-01T01:36:43+08:00" level=info msg="level=info msg=\"Sending data to enclave server...\""
time="2025-06-01T02:27:42+08:00" level=info msg="level=info msg=\"Server running on: 7080\""
time="2025-06-01T02:27:42+08:00" level=info msg="level=info msg=\"正在監聽事件\""
time="2025-06-01T02:29:44+08:00" level=info msg="level=info msg=\"Server running on: 8080\""
time="2025-06-01T02:29:44+08:00" level=info msg="level=info msg=\"正在監聽事件\""
time="2025-06-01T02:29:46+08:00" level=info msg="level=info msg=\"Server running on: 9080\""
time="2025-06-01T02:29:46+08:00" level=info msg="level=info msg=\"正在監聽事件\""
time="2025-06-01T02:32:06+08:00" level=info msg="level=info msg=\"Processing request...\" ip=118.168.215.210 method=GET path=/start_upload"
time="2025-06-01T02:32:06+08:00" level=info msg="level=info msg=\"Receive start train signal\""
time="2025-06-01T02:32:09+08:00" level=info msg="level=info msg=\"已更新AppContext, Session: sess-1748716326912974063\""
time="2025-06-01T02:32:12+08:00" level=info msg="level=info msg=\"StartTraining 成功送出: \""
time="2025-06-01T02:32:12+08:00" level=info msg="level=info msg=\"收到訓練通知\""
time="2025-06-01T02:32:12+08:00" level=info msg="level=info msg=\"收到訓練通知\""
time="2025-06-01T02:32:12+08:00" level=info msg="level=info msg=\"已更新 AppContext, Session: sess-1748716326912974063\""
time="2025-06-01T02:32:12+08:00" level=info msg="level=info msg=\"收到訓練通知\""
time="2025-06-01T02:32:12+08:00" level=info msg="level=info msg=\"已更新 AppContext, Session: sess-1748716326912974063\""
time="2025-06-01T02:32:13+08:00" level=info msg="level=info msg=\"成功參與訓練\""
time="2025-06-01T02:32:13+08:00" level=info msg="level=info msg=\"成功參與訓練\""
time="2025-06-01T02:32:13+08:00" level=info msg="level=info msg=\"成功參與訓練\""
time="2025-06-01T02:32:14+08:00" level=info msg="level=info msg=\"Processing request...\" ip=118.168.215.210 method=POST path=/upload_data"
time="2025-06-01T02:32:16+08:00" level=info msg="level=info msg=\"Upload to Fabric elapsed time: 2.107584877s\""
time="2025-06-01T02:32:16+08:00" level=info msg="level=info msg=\"Upload training data successful\""
time="2025-06-01T02:32:53+08:00" level=info msg="level=info msg=\"Processing request...\" ip=118.168.215.210 method=POST path=/upload_data"
time="2025-06-01T02:32:56+08:00" level=info msg="level=info msg=\"Upload to Fabric elapsed time: 2.611863622s\""
time="2025-06-01T02:32:56+08:00" level=info msg="level=info msg=\"Upload training data successful\""
time="2025-06-01T02:33:23+08:00" level=info msg="level=info msg=\"Processing request...\" ip=118.168.215.210 method=POST path=/upload_data"
time="2025-06-01T02:33:25+08:00" level=info msg="level=info msg=\"Upload to Fabric elapsed time: 2.06630245s\""
time="2025-06-01T02:33:25+08:00" level=info msg="level=info msg=\"Upload training data successful\""
time="2025-06-01T02:33:31+08:00" level=info msg="level=info msg=\"Processing request...\" ip=118.168.215.210 method=GET path=/end_upload"
time="2025-06-01T02:33:31+08:00" level=info msg="level=info msg=\"Stop uploading process...\""
time="2025-06-01T02:33:31+08:00" level=info msg="level=info msg=\"&[Org2MSP Org3MSP Org1MSP]\""
time="2025-06-01T02:33:31+08:00" level=info msg="level=info msg=\"End uploading process successfule...\""
time="2025-06-01T02:33:33+08:00" level=info msg="level=info msg=\"Processing request...\" ip=118.168.215.210 method=POST path=/get_data"
time="2025-06-01T02:33:33+08:00" level=info msg="level=info msg=\"Query data successfully\""
time="2025-06-01T02:33:33+08:00" level=info msg="level=info msg=\"Sending data to enclave server...\""
time="2025-06-01T02:33:33+08:00" level=info msg="level=info msg=\"Processing request...\" ip=118.168.215.210 method=POST path=/get_data"
time="2025-06-01T02:33:33+08:00" level=info msg="level=info msg=\"Query data successfully\""
time="2025-06-01T02:33:33+08:00" level=info msg="level=info msg=\"Sending data to enclave server...\""
time="2025-06-01T11:55:32+08:00" level=info msg="level=info msg=\"Server running on: 7080\""
time="2025-06-01T11:55:32+08:00" level=info msg="level=info msg=\"正在監聽事件\""
time="2025-06-01T12:42:15+08:00" level=info msg="level=info msg=\"Server running on: 7080\""
time="2025-06-01T12:42:15+08:00" level=info msg="level=info msg=\"正在監聽事件\""
time="2025-06-01T22:23:04+08:00" level=info msg="level=info msg=\"Server running on: 7080\""
time="2025-06-01T22:23:04+08:00" level=info msg="level=info msg=\"正在監聽事件\""
time="2025-06-01T22:23:37+08:00" level=info msg="level=info msg=\"Server running on: 8080\""
time="2025-06-01T22:23:37+08:00" level=info msg="level=info msg=\"正在監聽事件\""
time="2025-06-01T22:26:23+08:00" level=info msg="level=info msg=\"Processing request...\" ip=118.168.215.210 method=GET path=/start_upload"
time="2025-06-01T22:26:23+08:00" level=info msg="level=info msg=\"Receive start train signal\""
time="2025-06-01T22:26:27+08:00" level=info msg="level=info msg=\"已更新AppContext, Session: sess-1748787983504379072\""
time="2025-06-01T22:26:30+08:00" level=info msg="level=info msg=\"收到訓練通知\""
time="2025-06-01T22:26:30+08:00" level=info msg="level=info msg=\"已更新 AppContext, Session: sess-1748787983504379072\""
time="2025-06-01T22:26:30+08:00" level=info msg="level=info msg=\"StartTraining 成功送出: \""
time="2025-06-01T22:26:30+08:00" level=info msg="level=info msg=\"收到訓練通知\""
time="2025-06-01T22:26:31+08:00" level=info msg="level=info msg=\"成功參與訓練\""
time="2025-06-01T22:26:31+08:00" level=info msg="level=info msg=\"成功參與訓練\""
time="2025-06-01T22:26:32+08:00" level=info msg="level=info msg=\"Processing request...\" ip=118.168.215.210 method=GET path=/start_upload"
time="2025-06-01T22:26:32+08:00" level=info msg="level=info msg=\"Receive start train signal\""
time="2025-06-01T22:26:33+08:00" level=info msg="level=info msg=\"已更新AppContext, Session: sess-1748787992626536815\""
time="2025-06-01T22:26:36+08:00" level=info msg="level=info msg=\"收到訓練通知\""
time="2025-06-01T22:26:36+08:00" level=info msg="level=info msg=\"已更新 AppContext, Session: sess-1748787992626536815\""
time="2025-06-01T22:26:36+08:00" level=info msg="level=info msg=\"收到訓練通知\""
time="2025-06-01T22:26:36+08:00" level=info msg="level=info msg=\"StartTraining 成功送出: \""
time="2025-06-01T22:26:36+08:00" level=info msg="level=info msg=\"成功參與訓練\""
time="2025-06-01T22:26:36+08:00" level=info msg="level=info msg=\"Processing request...\" ip=118.168.215.210 method=GET path=/start_upload"
time="2025-06-01T22:26:36+08:00" level=info msg="level=info msg=\"Receive start train signal\""
time="2025-06-01T22:26:36+08:00" level=info msg="level=info msg=\"成功參與訓練\""
time="2025-06-01T22:26:37+08:00" level=info msg="level=info msg=\"已更新AppContext, Session: sess-1748787996826975199\""
time="2025-06-01T22:26:39+08:00" level=info msg="level=info msg=\"收到訓練通知\""
time="2025-06-01T22:26:39+08:00" level=info msg="level=info msg=\"已更新 AppContext, Session: sess-1748787996826975199\""
time="2025-06-01T22:26:39+08:00" level=info msg="level=info msg=\"StartTraining 成功送出: \""
time="2025-06-01T22:26:39+08:00" level=info msg="level=info msg=\"收到訓練通知\""
time="2025-06-01T22:26:39+08:00" level=info msg="level=info msg=\"成功參與訓練\""
time="2025-06-01T22:26:39+08:00" level=info msg="level=info msg=\"成功參與訓練\""
time="2025-06-01T22:26:40+08:00" level=info msg="level=info msg=\"Processing request...\" ip=118.168.215.210 method=GET path=/start_upload"
time="2025-06-01T22:26:40+08:00" level=info msg="level=info msg=\"Receive start train signal\""
time="2025-06-01T22:26:41+08:00" level=info msg="level=info msg=\"已更新AppContext, Session: sess-1748788000274589234\""
time="2025-06-01T22:26:43+08:00" level=info msg="level=info msg=\"收到訓練通知\""
time="2025-06-01T22:26:43+08:00" level=info msg="level=info msg=\"已更新 AppContext, Session: sess-1748788000274589234\""
time="2025-06-01T22:26:43+08:00" level=info msg="level=info msg=\"StartTraining 成功送出: \""
time="2025-06-01T22:26:43+08:00" level=info msg="level=info msg=\"收到訓練通知\""
time="2025-06-01T22:26:43+08:00" level=info msg="level=info msg=\"成功參與訓練\""
time="2025-06-01T22:26:43+08:00" level=info msg="level=info msg=\"成功參與訓練\""
time="2025-06-01T22:29:40+08:00" level=info msg="level=info msg=\"Processing request...\" ip=118.168.215.210 method=GET path=/get_model"
time="2025-06-01T22:29:42+08:00" level=info msg="level=info msg=\"Processing request...\" ip=118.168.215.210 method=GET path=/get_model"
time="2025-06-01T22:29:53+08:00" level=info msg="level=info msg=\"Processing request...\" ip=118.168.215.210 method=GET path=/get_model"
time="2025-06-01T22:29:54+08:00" level=info msg="level=info msg=\"Processing request...\" ip=118.168.215.210 method=GET path=/get_model"
time="2025-06-01T22:30:02+08:00" level=info msg="level=info msg=\"Processing request...\" ip=118.168.215.210 method=GET path=/get_model"
time="2025-06-01T22:30:33+08:00" level=info msg="level=info msg=\"Processing request...\" ip=118.168.215.210 method=GET path=/get_model"
time="2025-06-01T22:31:19+08:00" level=info msg="level=info msg=\"Processing request...\" ip=118.168.215.210 method=GET path=/get_model"
time="2025-06-01T22:31:20+08:00" level=info msg="level=info msg=\"Processing request...\" ip=118.168.215.210 method=GET path=/get_model"
time="2025-06-01T22:33:18+08:00" level=info msg="level=info msg=\"Processing request...\" ip=118.168.215.210 method=GET path=/get_model"
time="2025-06-01T22:35:38+08:00" level=info msg="level=info msg=\"Processing request...\" ip=118.168.215.210 method=GET path=/get_model"
time="2025-06-01T22:35:39+08:00" level=info msg="level=info msg=\"Processing request...\" ip=118.168.215.210 method=GET path=/get_model"
time="2025-06-01T22:36:35+08:00" level=info msg="level=info msg=\"Processing request...\" ip=118.168.215.210 method=GET path=/get_model"
time="2025-06-01T22:38:17+08:00" level=info msg="level=info msg=\"Server running on: 7080\""
time="2025-06-01T22:38:17+08:00" level=info msg="level=info msg=\"正在監聽事件\""
time="2025-06-01T22:38:24+08:00" level=info msg="level=info msg=\"Processing request...\" ip=118.168.215.210 method=GET path=/get_model"
time="2025-06-01T22:38:43+08:00" level=info msg="level=info msg=\"Processing request...\" ip=118.168.215.210 method=GET path=/get_model"
time="2025-06-01T22:43:41+08:00" level=info msg="level=info msg=\"Processing request...\" ip=118.168.215.210 method=GET path=/start_upload"
time="2025-06-01T22:43:41+08:00" level=info msg="level=info msg=\"Receive start train signal\""
time="2025-06-01T22:43:43+08:00" level=info msg="level=info msg=\"已更新AppContext, Session: sess-1748789021874876906\""
time="2025-06-01T22:43:46+08:00" level=info msg="level=info msg=\"StartTraining 成功送出: \""
time="2025-06-01T22:43:46+08:00" level=info msg="level=info msg=\"收到訓練通知\""
time="2025-06-01T22:43:46+08:00" level=info msg="level=info msg=\"收到訓練通知\""
time="2025-06-01T22:43:46+08:00" level=info msg="level=info msg=\"已更新 AppContext, Session: sess-1748789021874876906\""
time="2025-06-01T22:43:47+08:00" level=info msg="level=info msg=\"成功參與訓練\""
time="2025-06-01T22:43:47+08:00" level=info msg="level=info msg=\"成功參與訓練\""
time="2025-06-01T22:47:03+08:00" level=info msg="level=info msg=\"Processing request...\" ip=118.168.215.210 method=GET path=/start_upload"
time="2025-06-01T22:47:03+08:00" level=info msg="level=info msg=\"Receive start train signal\""
time="2025-06-01T22:47:05+08:00" level=info msg="level=info msg=\"已更新AppContext, Session: sess-1748789223660797568\""
time="2025-06-01T22:47:07+08:00" level=info msg="level=info msg=\"收到訓練通知\""
time="2025-06-01T22:47:07+08:00" level=info msg="level=info msg=\"已更新 AppContext, Session: sess-1748789223660797568\""
time="2025-06-01T22:47:07+08:00" level=info msg="level=info msg=\"收到訓練通知\""
time="2025-06-01T22:47:07+08:00" level=info msg="level=info msg=\"StartTraining 成功送出: \""
time="2025-06-01T22:47:08+08:00" level=info msg="level=info msg=\"成功參與訓練\""
time="2025-06-01T22:47:08+08:00" level=info msg="level=info msg=\"成功參與訓練\""
time="2025-06-01T22:47:08+08:00" level=info msg="level=info msg=\"Processing request...\" ip=118.168.215.210 method=GET path=/start_upload"
time="2025-06-01T22:47:08+08:00" level=info msg="level=info msg=\"Receive start train signal\""
time="2025-06-01T22:47:09+08:00" level=info msg="level=info msg=\"已更新AppContext, Session: sess-1748789228646245700\""
time="2025-06-01T22:47:11+08:00" level=info msg="level=info msg=\"收到訓練通知\""
time="2025-06-01T22:47:11+08:00" level=info msg="level=info msg=\"已更新 AppContext, Session: sess-1748789228646245700\""
time="2025-06-01T22:47:11+08:00" level=info msg="level=info msg=\"收到訓練通知\""
time="2025-06-01T22:47:11+08:00" level=info msg="level=info msg=\"StartTraining 成功送出: \""
time="2025-06-01T22:47:12+08:00" level=info msg="level=info msg=\"成功參與訓練\""
time="2025-06-01T22:47:12+08:00" level=info msg="level=info msg=\"成功參與訓練\""
time="2025-06-01T22:47:12+08:00" level=info msg="level=info msg=\"Processing request...\" ip=118.168.215.210 method=GET path=/start_upload"
time="2025-06-01T22:47:12+08:00" level=info msg="level=info msg=\"Receive start train signal\""
time="2025-06-01T22:47:13+08:00" level=info msg="level=info msg=\"已更新AppContext, Session: sess-1748789232524925802\""
time="2025-06-01T22:47:16+08:00" level=info msg="level=info msg=\"收到訓練通知\""
time="2025-06-01T22:47:16+08:00" level=info msg="level=info msg=\"收到訓練通知\""
time="2025-06-01T22:47:16+08:00" level=info msg="level=info msg=\"StartTraining 成功送出: \""
time="2025-06-01T22:47:16+08:00" level=info msg="level=info msg=\"已更新 AppContext, Session: sess-1748789232524925802\""
time="2025-06-01T22:47:16+08:00" level=info msg="level=info msg=\"成功參與訓練\""
time="2025-06-01T22:47:16+08:00" level=info msg="level=info msg=\"成功參與訓練\""
time="2025-06-01T22:47:49+08:00" level=info msg="level=info msg=\"Processing request...\" ip=118.168.215.210 method=GET path=/start_upload"
time="2025-06-01T22:47:49+08:00" level=info msg="level=info msg=\"Receive start train signal\""
time="2025-06-01T22:47:50+08:00" level=info msg="level=info msg=\"已更新AppContext, Session: sess-1748789269156735830\""
time="2025-06-01T22:47:52+08:00" level=info msg="level=info msg=\"收到訓練通知\""
time="2025-06-01T22:47:52+08:00" level=info msg="level=info msg=\"已更新 AppContext, Session: sess-1748789269156735830\""
time="2025-06-01T22:47:52+08:00" level=info msg="level=info msg=\"StartTraining 成功送出: \""
time="2025-06-01T22:47:52+08:00" level=info msg="level=info msg=\"收到訓練通知\""
time="2025-06-01T22:47:52+08:00" level=info msg="level=info msg=\"成功參與訓練\""
time="2025-06-01T22:47:52+08:00" level=info msg="level=info msg=\"成功參與訓練\""
time="2025-06-01T22:47:53+08:00" level=info msg="level=info msg=\"Processing request...\" ip=118.168.215.210 method=GET path=/start_upload"
time="2025-06-01T22:47:53+08:00" level=info msg="level=info msg=\"Receive start train signal\""
time="2025-06-01T22:47:54+08:00" level=info msg="level=info msg=\"已更新AppContext, Session: sess-1748789273060850460\""
time="2025-06-01T22:47:56+08:00" level=info msg="level=info msg=\"StartTraining 成功送出: \""
time="2025-06-01T22:47:56+08:00" level=info msg="level=info msg=\"收到訓練通知\""
time="2025-06-01T22:47:56+08:00" level=info msg="level=info msg=\"收到訓練通知\""
time="2025-06-01T22:47:56+08:00" level=info msg="level=info msg=\"已更新 AppContext, Session: sess-1748789273060850460\""
time="2025-06-01T22:47:56+08:00" level=info msg="level=info msg=\"成功參與訓練\""
time="2025-06-01T22:47:56+08:00" level=info msg="level=info msg=\"成功參與訓練\""
time="2025-06-01T22:48:49+08:00" level=info msg="level=info msg=\"Processing request...\" ip=118.168.215.210 method=GET path=/start_upload"
time="2025-06-01T22:48:49+08:00" level=info msg="level=info msg=\"Receive start train signal\""
time="2025-06-01T22:48:51+08:00" level=info msg="level=info msg=\"已更新AppContext, Session: sess-1748789329765381720\""
time="2025-06-01T22:48:53+08:00" level=info msg="level=info msg=\"收到訓練通知\""
time="2025-06-01T22:48:53+08:00" level=info msg="level=info msg=\"StartTraining 成功送出: \""
time="2025-06-01T22:48:53+08:00" level=info msg="level=info msg=\"收到訓練通知\""
time="2025-06-01T22:48:53+08:00" level=info msg="level=info msg=\"已更新 AppContext, Session: sess-1748789329765381720\""
time="2025-06-01T22:48:53+08:00" level=info msg="level=info msg=\"成功參與訓練\""
time="2025-06-01T22:48:53+08:00" level=info msg="level=info msg=\"成功參與訓練\""
time="2025-06-01T22:49:09+08:00" level=info msg="level=info msg=\"Processing request...\" ip=118.168.215.210 method=GET path=/start_upload"
time="2025-06-01T22:49:09+08:00" level=info msg="level=info msg=\"Receive start train signal\""
time="2025-06-01T22:49:13+08:00" level=info msg="level=info msg=\"已更新AppContext, Session: sess-1748789349194573419\""
time="2025-06-01T22:49:15+08:00" level=info msg="level=info msg=\"收到訓練通知\""
time="2025-06-01T22:49:15+08:00" level=info msg="level=info msg=\"已更新 AppContext, Session: sess-1748789349194573419\""
time="2025-06-01T22:49:15+08:00" level=info msg="level=info msg=\"收到訓練通知\""
time="2025-06-01T22:49:15+08:00" level=info msg="level=info msg=\"StartTraining 成功送出: \""
time="2025-06-01T22:49:16+08:00" level=info msg="level=info msg=\"成功參與訓練\""
time="2025-06-01T22:49:16+08:00" level=info msg="level=info msg=\"成功參與訓練\""
time="2025-06-01T22:50:59+08:00" level=info msg="level=info msg=\"Processing request...\" ip=118.168.215.210 method=GET path=/start_upload"
time="2025-06-01T22:50:59+08:00" level=info msg="level=info msg=\"Receive start train signal\""
time="2025-06-01T22:51:01+08:00" level=info msg="level=info msg=\"已更新AppContext, Session: sess-1748789459457459294\""
time="2025-06-01T22:51:03+08:00" level=info msg="level=info msg=\"收到訓練通知\""
time="2025-06-01T22:51:03+08:00" level=info msg="level=info msg=\"StartTraining 成功送出: \""
time="2025-06-01T22:51:03+08:00" level=info msg="level=info msg=\"收到訓練通知\""
time="2025-06-01T22:51:03+08:00" level=info msg="level=info msg=\"已更新 AppContext, Session: sess-1748789459457459294\""
time="2025-06-01T22:51:03+08:00" level=info msg="level=info msg=\"成功參與訓練\""
time="2025-06-01T22:51:04+08:00" level=info msg="level=info msg=\"成功參與訓練\""
time="2025-06-01T22:51:28+08:00" level=info msg="level=info msg=\"Processing request...\" ip=118.168.215.210 method=GET path=/start_upload"
time="2025-06-01T22:51:28+08:00" level=info msg="level=info msg=\"Receive start train signal\""
time="2025-06-01T22:51:29+08:00" level=info msg="level=info msg=\"已更新AppContext, Session: sess-1748789488454632563\""
time="2025-06-01T22:51:34+08:00" level=info msg="level=info msg=\"StartTraining 成功送出: \""
time="2025-06-01T22:51:34+08:00" level=info msg="level=info msg=\"收到訓練通知\""
time="2025-06-01T22:51:34+08:00" level=info msg="level=info msg=\"收到訓練通知\""
time="2025-06-01T22:51:34+08:00" level=info msg="level=info msg=\"已更新 AppContext, Session: sess-1748789488454632563\""
time="2025-06-01T22:51:34+08:00" level=info msg="level=info msg=\"成功參與訓練\""
time="2025-06-01T22:51:35+08:00" level=info msg="level=info msg=\"成功參與訓練\""
time="2025-06-01T22:52:03+08:00" level=info msg="level=info msg=\"Processing request...\" ip=118.168.215.210 method=GET path=/start_upload"
time="2025-06-01T22:52:03+08:00" level=info msg="level=info msg=\"Receive start train signal\""
time="2025-06-01T22:52:04+08:00" level=info msg="level=info msg=\"已更新AppContext, Session: sess-1748789523128576498\""
time="2025-06-01T22:52:09+08:00" level=info msg="level=info msg=\"收到訓練通知\""
time="2025-06-01T22:52:09+08:00" level=info msg="level=info msg=\"已更新 AppContext, Session: sess-1748789523128576498\""
time="2025-06-01T22:52:09+08:00" level=info msg="level=info msg=\"收到訓練通知\""
time="2025-06-01T22:52:09+08:00" level=info msg="level=info msg=\"StartTraining 成功送出: \""
time="2025-06-01T22:52:09+08:00" level=info msg="level=info msg=\"成功參與訓練\""
time="2025-06-01T22:52:09+08:00" level=info msg="level=info msg=\"成功參與訓練\""
time="2025-06-01T22:52:57+08:00" level=info msg="level=info msg=\"Processing request...\" ip=118.168.215.210 method=GET path=/start_upload"
time="2025-06-01T22:52:57+08:00" level=info msg="level=info msg=\"Receive start train signal\""
time="2025-06-01T22:52:59+08:00" level=info msg="level=info msg=\"已更新AppContext, Session: sess-1748789577987191347\""
time="2025-06-01T22:53:01+08:00" level=info msg="level=info msg=\"收到訓練通知\""
time="2025-06-01T22:53:01+08:00" level=info msg="level=info msg=\"已更新 AppContext, Session: sess-1748789577987191347\""
time="2025-06-01T22:53:01+08:00" level=info msg="level=info msg=\"StartTraining 成功送出: \""
time="2025-06-01T22:53:01+08:00" level=info msg="level=info msg=\"收到訓練通知\""
time="2025-06-01T22:53:01+08:00" level=info msg="level=info msg=\"成功參與訓練\""
time="2025-06-01T22:53:01+08:00" level=info msg="level=info msg=\"成功參與訓練\""
time="2025-06-01T22:54:53+08:00" level=info msg="level=info msg=\"Processing request...\" ip=118.168.215.210 method=GET path=/start_upload"
time="2025-06-01T22:54:53+08:00" level=info msg="level=info msg=\"Receive start train signal\""
time="2025-06-01T22:54:54+08:00" level=info msg="level=info msg=\"已更新AppContext, Session: sess-1748789693186966074\""
time="2025-06-01T22:54:56+08:00" level=info msg="level=info msg=\"收到訓練通知\""
time="2025-06-01T22:54:56+08:00" level=info msg="level=info msg=\"已更新 AppContext, Session: sess-1748789693186966074\""
time="2025-06-01T22:54:56+08:00" level=info msg="level=info msg=\"收到訓練通知\""
time="2025-06-01T22:54:56+08:00" level=info msg="level=info msg=\"StartTraining 成功送出: \""
time="2025-06-01T22:54:57+08:00" level=info msg="level=info msg=\"成功參與訓練\""
time="2025-06-01T22:54:57+08:00" level=info msg="level=info msg=\"成功參與訓練\""
time="2025-06-01T22:55:40+08:00" level=info msg="level=info msg=\"Processing request...\" ip=118.168.215.210 method=GET path=/start_upload"
time="2025-06-01T22:55:40+08:00" level=info msg="level=info msg=\"Receive start train signal\""
time="2025-06-01T22:55:41+08:00" level=info msg="level=info msg=\"已更新AppContext, Session: sess-1748789740399335389\""
time="2025-06-01T22:55:44+08:00" level=info msg="level=info msg=\"收到訓練通知\""
time="2025-06-01T22:55:44+08:00" level=info msg="level=info msg=\"StartTraining 成功送出: \""
time="2025-06-01T22:55:44+08:00" level=info msg="level=info msg=\"收到訓練通知\""
time="2025-06-01T22:55:44+08:00" level=info msg="level=info msg=\"已更新 AppContext, Session: sess-1748789740399335389\""
time="2025-06-01T22:55:44+08:00" level=info msg="level=info msg=\"成功參與訓練\""
time="2025-06-01T22:55:44+08:00" level=info msg="level=info msg=\"成功參與訓練\""
time="2025-06-01T22:56:38+08:00" level=info msg="level=info msg=\"Processing request...\" ip=118.168.215.210 method=GET path=/start_upload"
time="2025-06-01T22:56:38+08:00" level=info msg="level=info msg=\"Receive start train signal\""
time="2025-06-01T22:56:40+08:00" level=info msg="level=info msg=\"已更新AppContext, Session: sess-1748789798615805990\""
time="2025-06-01T22:56:42+08:00" level=info msg="level=info msg=\"收到訓練通知\""
time="2025-06-01T22:56:42+08:00" level=info msg="level=info msg=\"已更新 AppContext, Session: sess-1748789798615805990\""
time="2025-06-01T22:56:42+08:00" level=info msg="level=info msg=\"StartTraining 成功送出: \""
time="2025-06-01T22:56:42+08:00" level=info msg="level=info msg=\"收到訓練通知\""
time="2025-06-01T22:56:42+08:00" level=info msg="level=info msg=\"成功參與訓練\""
time="2025-06-01T22:56:42+08:00" level=info msg="level=info msg=\"成功參與訓練\""
time="2025-06-01T23:01:00+08:00" level=info msg="level=info msg=\"Server running on: 7080\""
time="2025-06-01T23:01:00+08:00" level=info msg="level=info msg=\"正在監聽事件\""
time="2025-06-01T23:01:02+08:00" level=info msg="level=info msg=\"Server running on: 8080\""
time="2025-06-01T23:01:02+08:00" level=info msg="level=info msg=\"正在監聽事件\""
time="2025-06-01T23:01:40+08:00" level=info msg="level=info msg=\"Processing request...\" ip=118.168.215.210 method=GET path=/end_upload"
time="2025-06-01T23:01:40+08:00" level=info msg="level=info msg=\"Stop uploading process...\""
time="2025-06-01T23:03:22+08:00" level=info msg="level=info msg=\"Server running on: 7080\""
time="2025-06-01T23:03:22+08:00" level=info msg="level=info msg=\"正在監聽事件\""
time="2025-06-01T23:03:26+08:00" level=info msg="level=info msg=\"Server running on: 8080\""
time="2025-06-01T23:03:26+08:00" level=info msg="level=info msg=\"正在監聽事件\""
time="2025-06-01T23:03:31+08:00" level=info msg="level=info msg=\"Processing request...\" ip=118.168.215.210 method=GET path=/start_upload"
time="2025-06-01T23:03:31+08:00" level=info msg="level=info msg=\"Receive start train signal\""
time="2025-06-01T23:03:33+08:00" level=info msg="level=info msg=\"已更新AppContext, Session: sess-1748790211832791866\""
time="2025-06-01T23:03:37+08:00" level=info msg="level=info msg=\"收到訓練通知\""
time="2025-06-01T23:03:37+08:00" level=info msg="level=info msg=\"已更新 AppContext, Session: sess-1748790211832791866\""
time="2025-06-01T23:03:37+08:00" level=info msg="level=info msg=\"StartTraining 成功送出: \""
time="2025-06-01T23:03:37+08:00" level=info msg="level=info msg=\"收到訓練通知\""
time="2025-06-01T23:03:37+08:00" level=info msg="level=info msg=\"成功參與訓練\""
time="2025-06-01T23:03:38+08:00" level=info msg="level=info msg=\"成功參與訓練\""
time="2025-06-01T23:03:41+08:00" level=info msg="level=info msg=\"Processing request...\" ip=118.168.215.210 method=GET path=/end_upload"
time="2025-06-01T23:03:41+08:00" level=info msg="level=info msg=\"Stop uploading process...\""
time="2025-06-01T23:03:41+08:00" level=info msg="level=info msg=\"&[Org1MSP Org2MSP]\""
time="2025-06-01T23:03:41+08:00" level=info msg="level=info msg=\"End uploading process successfule...\""
time="2025-06-01T23:03:42+08:00" level=info msg="level=info msg=\"Processing request...\" ip=118.168.215.210 method=POST path=/get_data"
time="2025-06-01T23:03:43+08:00" level=info msg="level=error msg=\"Failed to read data for Org1MSP-sess-1748790211832791866-tdata\" error=\"rpc error: code = Aborted desc = failed to evaluate transaction, see attached details for more info\""
time="2025-06-01T23:04:10+08:00" level=info msg="level=info msg=\"Server running on: 7080\""
time="2025-06-01T23:04:10+08:00" level=info msg="level=info msg=\"正在監聽事件\""
time="2025-06-01T23:04:13+08:00" level=info msg="level=info msg=\"Server running on: 8080\""
time="2025-06-01T23:04:13+08:00" level=info msg="level=info msg=\"正在監聽事件\""
time="2025-06-01T23:04:56+08:00" level=info msg="level=info msg=\"Server running on: 9080\""
time="2025-06-01T23:04:56+08:00" level=info msg="level=info msg=\"正在監聽事件\""
time="2025-06-01T23:05:20+08:00" level=info msg="level=info msg=\"Processing request...\" ip=118.168.215.210 method=GET path=/start_upload"
time="2025-06-01T23:05:20+08:00" level=info msg="level=info msg=\"Receive start train signal\""
time="2025-06-01T23:05:21+08:00" level=info msg="level=info msg=\"已更新AppContext, Session: sess-1748790320177926223\""
time="2025-06-01T23:05:25+08:00" level=info msg="level=info msg=\"StartTraining 成功送出: \""
time="2025-06-01T23:05:25+08:00" level=info msg="level=info msg=\"收到訓練通知\""
time="2025-06-01T23:05:25+08:00" level=info msg="level=info msg=\"收到訓練通知\""
time="2025-06-01T23:05:25+08:00" level=info msg="level=info msg=\"已更新 AppContext, Session: sess-1748790320177926223\""
time="2025-06-01T23:05:25+08:00" level=info msg="level=info msg=\"收到訓練通知\""
time="2025-06-01T23:05:25+08:00" level=info msg="level=info msg=\"已更新 AppContext, Session: sess-1748790320177926223\""
time="2025-06-01T23:05:25+08:00" level=info msg="level=info msg=\"成功參與訓練\""
time="2025-06-01T23:05:25+08:00" level=info msg="level=info msg=\"成功參與訓練\""
time="2025-06-01T23:05:26+08:00" level=info msg="level=info msg=\"成功參與訓練\""
time="2025-06-01T23:05:59+08:00" level=info msg="level=info msg=\"Processing request...\" ip=118.168.215.210 method=POST path=/upload_data"
time="2025-06-01T23:06:02+08:00" level=info msg="level=info msg=\"Upload to Fabric elapsed time: 2.680772465s\""
time="2025-06-01T23:06:02+08:00" level=info msg="level=info msg=\"Upload training data successful\""
time="2025-06-01T23:06:03+08:00" level=info msg="level=info msg=\"Processing request...\" ip=118.168.215.210 method=POST path=/upload_data"
time="2025-06-01T23:06:08+08:00" level=info msg="level=info msg=\"Upload to Fabric elapsed time: 2.10975654s\""
time="2025-06-01T23:06:08+08:00" level=info msg="level=info msg=\"Upload training data successful\""
time="2025-06-01T23:06:45+08:00" level=info msg="level=info msg=\"Server running on: 7080\""
time="2025-06-01T23:06:45+08:00" level=info msg="level=info msg=\"正在監聽事件\""
time="2025-06-01T23:06:46+08:00" level=info msg="level=info msg=\"Server running on: 8080\""
time="2025-06-01T23:06:46+08:00" level=info msg="level=info msg=\"正在監聽事件\""
time="2025-06-01T23:06:48+08:00" level=info msg="level=info msg=\"Server running on: 9080\""
time="2025-06-01T23:06:48+08:00" level=info msg="level=info msg=\"正在監聽事件\""
time="2025-06-01T23:06:51+08:00" level=info msg="level=info msg=\"Processing request...\" ip=118.168.215.210 method=GET path=/start_upload"
time="2025-06-01T23:06:51+08:00" level=info msg="level=info msg=\"Receive start train signal\""
time="2025-06-01T23:06:52+08:00" level=info msg="level=info msg=\"已更新AppContext, Session: sess-1748790411289897008\""
time="2025-06-01T23:06:55+08:00" level=info msg="level=info msg=\"收到訓練通知\""
time="2025-06-01T23:06:55+08:00" level=info msg="level=info msg=\"已更新 AppContext, Session: sess-1748790411289897008\""
time="2025-06-01T23:06:55+08:00" level=info msg="level=info msg=\"收到訓練通知\""
time="2025-06-01T23:06:55+08:00" level=info msg="level=info msg=\"StartTraining 成功送出: \""
time="2025-06-01T23:06:55+08:00" level=info msg="level=info msg=\"收到訓練通知\""
time="2025-06-01T23:06:55+08:00" level=info msg="level=info msg=\"已更新 AppContext, Session: sess-1748790411289897008\""
time="2025-06-01T23:06:55+08:00" level=info msg="level=info msg=\"成功參與訓練\""
time="2025-06-01T23:06:55+08:00" level=info msg="level=info msg=\"成功參與訓練\""
time="2025-06-01T23:06:55+08:00" level=info msg="level=info msg=\"成功參與訓練\""
time="2025-06-01T23:07:03+08:00" level=info msg="level=info msg=\"Processing request...\" ip=118.168.215.210 method=POST path=/upload_data"
time="2025-06-01T23:07:05+08:00" level=info msg="level=info msg=\"Upload to Fabric elapsed time: 2.145176671s\""
time="2025-06-01T23:07:05+08:00" level=info msg="level=info msg=\"Upload training data successful\""
time="2025-06-01T23:07:06+08:00" level=info msg="level=info msg=\"Processing request...\" ip=118.168.215.210 method=POST path=/upload_data"
time="2025-06-01T23:07:08+08:00" level=info msg="level=info msg=\"Upload to Fabric elapsed time: 2.130118423s\""
time="2025-06-01T23:07:08+08:00" level=info msg="level=info msg=\"Upload training data successful\""
time="2025-06-01T23:07:19+08:00" level=info msg="level=info msg=\"Processing request...\" ip=118.168.215.210 method=GET path=/end_upload"
time="2025-06-01T23:07:19+08:00" level=info msg="level=info msg=\"Stop uploading process...\""
time="2025-06-01T23:07:20+08:00" level=info msg="level=info msg=\"&[Org2MSP Org3MSP Org1MSP]\""
time="2025-06-01T23:07:20+08:00" level=info msg="level=info msg=\"End uploading process successfule...\""
time="2025-06-01T23:07:21+08:00" level=info msg="level=info msg=\"Processing request...\" ip=118.168.215.210 method=POST path=/get_data"
time="2025-06-01T23:07:21+08:00" level=info msg="level=error msg=\"Failed to read data for Org1MSP-sess-1748790411289897008-tdata\" error=\"rpc error: code = Aborted desc = failed to evaluate transaction, see attached details for more info\""
time="2025-06-01T23:09:56+08:00" level=info msg="level=info msg=\"Server running on: 7080\""
time="2025-06-01T23:09:56+08:00" level=info msg="level=info msg=\"正在監聽事件\""
time="2025-06-01T23:09:57+08:00" level=info msg="level=info msg=\"Server running on: 8080\""
time="2025-06-01T23:09:57+08:00" level=info msg="level=info msg=\"正在監聽事件\""
time="2025-06-01T23:09:59+08:00" level=info msg="level=info msg=\"Server running on: 9080\""
time="2025-06-01T23:09:59+08:00" level=info msg="level=info msg=\"正在監聽事件\""
time="2025-06-01T23:10:12+08:00" level=info msg="level=info msg=\"Processing request...\" ip=118.168.215.210 method=GET path=/start_upload"
time="2025-06-01T23:10:12+08:00" level=info msg="level=info msg=\"Receive start train signal\""
time="2025-06-01T23:10:14+08:00" level=info msg="level=info msg=\"已更新AppContext, Session: sess-1748790612636075992\""
time="2025-06-01T23:10:17+08:00" level=info msg="level=info msg=\"StartTraining 成功送出: \""
time="2025-06-01T23:10:17+08:00" level=info msg="level=info msg=\"收到訓練通知\""
time="2025-06-01T23:10:17+08:00" level=info msg="level=info msg=\"收到訓練通知\""
time="2025-06-01T23:10:17+08:00" level=info msg="level=info msg=\"已更新 AppContext, Session: sess-1748790612636075992\""
time="2025-06-01T23:10:17+08:00" level=info msg="level=info msg=\"收到訓練通知\""
time="2025-06-01T23:10:17+08:00" level=info msg="level=info msg=\"已更新 AppContext, Session: sess-1748790612636075992\""
time="2025-06-01T23:10:18+08:00" level=info msg="level=info msg=\"成功參與訓練\""
time="2025-06-01T23:10:18+08:00" level=info msg="level=info msg=\"成功參與訓練\""
time="2025-06-01T23:10:18+08:00" level=info msg="level=info msg=\"成功參與訓練\""
time="2025-06-01T23:11:02+08:00" level=info msg="level=info msg=\"Processing request...\" ip=118.168.215.210 method=POST path=/upload_data"
time="2025-06-01T23:11:04+08:00" level=info msg="level=info msg=\"Upload to Fabric elapsed time: 2.561674049s\""
time="2025-06-01T23:11:04+08:00" level=info msg="level=info msg=\"Upload training data successful\""
time="2025-06-01T23:11:11+08:00" level=info msg="level=info msg=\"Processing request...\" ip=118.168.215.210 method=POST path=/upload_data"
time="2025-06-01T23:11:13+08:00" level=info msg="level=info msg=\"Upload to Fabric elapsed time: 2.158800503s\""
time="2025-06-01T23:11:13+08:00" level=info msg="level=info msg=\"Upload training data successful\""
time="2025-06-01T23:11:14+08:00" level=info msg="level=info msg=\"Processing request...\" ip=118.168.215.210 method=POST path=/upload_data"
time="2025-06-01T23:11:16+08:00" level=info msg="level=info msg=\"Upload to Fabric elapsed time: 2.161682215s\""
time="2025-06-01T23:11:16+08:00" level=info msg="level=info msg=\"Upload training data successful\""
time="2025-06-01T23:11:34+08:00" level=info msg="level=info msg=\"Processing request...\" ip=118.168.215.210 method=GET path=/end_upload"
time="2025-06-01T23:11:34+08:00" level=info msg="level=info msg=\"Stop uploading process...\""
time="2025-06-01T23:11:34+08:00" level=info msg="level=info msg=\"&[Org2MSP Org1MSP Org3MSP]\""
time="2025-06-01T23:11:34+08:00" level=info msg="level=info msg=\"End uploading process successfule...\""
time="2025-06-01T23:11:35+08:00" level=info msg="level=info msg=\"Processing request...\" ip=118.168.215.210 method=POST path=/get_data"
time="2025-06-01T23:11:35+08:00" level=info msg="level=info msg=\"Query data successfully\""
time="2025-06-01T23:11:35+08:00" level=info msg="level=info msg=\"Sending data to enclave server...\""
time="2025-06-01T23:12:13+08:00" level=info msg="level=info msg=\"Processing request...\" ip=118.168.215.210 method=GET path=/start_upload"
time="2025-06-01T23:12:13+08:00" level=info msg="level=info msg=\"Receive start train signal\""
time="2025-06-01T23:12:15+08:00" level=info msg="level=info msg=\"已更新AppContext, Session: sess-1748790733758789669\""
time="2025-06-01T23:12:17+08:00" level=info msg="level=info msg=\"收到訓練通知\""
time="2025-06-01T23:12:17+08:00" level=info msg="level=info msg=\"收到訓練通知\""
time="2025-06-01T23:12:17+08:00" level=info msg="level=info msg=\"StartTraining 成功送出: \""
time="2025-06-01T23:12:17+08:00" level=info msg="level=info msg=\"已更新 AppContext, Session: sess-1748790733758789669\""
time="2025-06-01T23:12:17+08:00" level=info msg="level=info msg=\"收到訓練通知\""
time="2025-06-01T23:12:17+08:00" level=info msg="level=info msg=\"已更新 AppContext, Session: sess-1748790733758789669\""
time="2025-06-01T23:12:18+08:00" level=info msg="level=info msg=\"成功參與訓練\""
time="2025-06-01T23:12:18+08:00" level=info msg="level=info msg=\"成功參與訓練\""
time="2025-06-01T23:12:18+08:00" level=info msg="level=info msg=\"成功參與訓練\""
time="2025-06-01T23:12:22+08:00" level=info msg="level=info msg=\"Processing request...\" ip=118.168.215.210 method=GET path=/end_upload"
time="2025-06-01T23:12:22+08:00" level=info msg="level=info msg=\"Stop uploading process...\""
time="2025-06-01T23:12:23+08:00" level=info msg="level=info msg=\"&[Org1MSP Org2MSP Org3MSP]\""
time="2025-06-01T23:12:23+08:00" level=info msg="level=info msg=\"End uploading process successfule...\""
time="2025-06-01T23:12:23+08:00" level=info msg="level=info msg=\"Processing request...\" ip=118.168.215.210 method=POST path=/get_data"
time="2025-06-01T23:12:23+08:00" level=info msg="level=error msg=\"Failed to read data for Org1MSP-sess-1748790733758789669-tdata\" error=\"rpc error: code = Aborted desc = failed to evaluate transaction, see attached details for more info\""
time="2025-06-02T00:21:07+08:00" level=info msg="level=info msg=\"Server running on: 7080\""
time="2025-06-02T00:21:07+08:00" level=info msg="level=info msg=\"正在監聽事件\""
time="2025-06-02T00:21:09+08:00" level=info msg="level=info msg=\"Server running on: 8080\""
time="2025-06-02T00:21:09+08:00" level=info msg="level=info msg=\"正在監聽事件\""
time="2025-06-02T00:21:11+08:00" level=info msg="level=info msg=\"Server running on: 9080\""
time="2025-06-02T00:21:11+08:00" level=info msg="level=info msg=\"正在監聽事件\""
time="2025-06-02T00:35:26+08:00" level=info msg="level=info msg=\"Processing request...\" ip=118.168.215.210 method=GET path=/start_upload"
time="2025-06-02T00:35:26+08:00" level=info msg="level=info msg=\"Receive start train signal\""
time="2025-06-02T00:35:27+08:00" level=info msg="level=info msg=\"已更新AppContext, Session: sess-1748795726334167127\""
time="2025-06-02T00:35:31+08:00" level=info msg="level=info msg=\"StartTraining 成功送出: \""
time="2025-06-02T00:35:31+08:00" level=info msg="level=info msg=\"收到訓練通知\""
time="2025-06-02T00:35:31+08:00" level=info msg="level=info msg=\"收到訓練通知\""
time="2025-06-02T00:35:31+08:00" level=info msg="level=info msg=\"已更新 AppContext, Session: sess-1748795726334167127\""
time="2025-06-02T00:35:31+08:00" level=info msg="level=info msg=\"收到訓練通知\""
time="2025-06-02T00:35:31+08:00" level=info msg="level=info msg=\"已更新 AppContext, Session: sess-1748795726334167127\""
time="2025-06-02T00:35:32+08:00" level=info msg="level=info msg=\"成功參與訓練\""
time="2025-06-02T00:35:32+08:00" level=info msg="level=info msg=\"成功參與訓練\""
time="2025-06-02T00:35:32+08:00" level=info msg="level=info msg=\"成功參與訓練\""
time="2025-06-02T00:37:06+08:00" level=info msg="level=info msg=\"Processing request...\" ip=118.168.215.210 method=POST path=/upload_data"
time="2025-06-02T00:37:09+08:00" level=info msg="level=info msg=\"Upload to Fabric elapsed time: 2.985960884s\""
time="2025-06-02T00:37:09+08:00" level=info msg="level=info msg=\"Upload training data successful\""
time="2025-06-02T00:38:12+08:00" level=info msg="level=info msg=\"Processing request...\" ip=118.168.215.210 method=POST path=/upload_data"
time="2025-06-02T00:38:14+08:00" level=info msg="level=info msg=\"Upload to Fabric elapsed time: 2.12822911s\""
time="2025-06-02T00:38:14+08:00" level=info msg="level=info msg=\"Upload training data successful\""
time="2025-06-02T00:38:15+08:00" level=info msg="level=info msg=\"Processing request...\" ip=118.168.215.210 method=POST path=/upload_data"
time="2025-06-02T00:38:17+08:00" level=info msg="level=info msg=\"Upload to Fabric elapsed time: 2.127961254s\""
time="2025-06-02T00:38:17+08:00" level=info msg="level=info msg=\"Upload training data successful\""
time="2025-06-02T00:38:48+08:00" level=info msg="level=info msg=\"Processing request...\" ip=118.168.215.210 method=GET path=/end_upload"
time="2025-06-02T00:38:48+08:00" level=info msg="level=info msg=\"Stop uploading process...\""
time="2025-06-02T00:38:49+08:00" level=info msg="level=info msg=\"&[Org1MSP Org2MSP Org3MSP]\""
time="2025-06-02T00:38:49+08:00" level=info msg="level=info msg=\"End uploading process successfule...\""
time="2025-06-02T00:38:50+08:00" level=info msg="level=info msg=\"Processing request...\" ip=118.168.215.210 method=POST path=/get_data"
time="2025-06-02T00:38:50+08:00" level=info msg="level=info msg=\"Query data successfully\""
time="2025-06-02T00:38:50+08:00" level=info msg="level=info msg=\"Sending data to enclave server...\""
time="2025-06-02T01:10:01+08:00" level=info msg="level=info msg=\"Server running on: 7080\""
time="2025-06-02T01:10:01+08:00" level=info msg="level=info msg=\"正在監聽事件\""
time="2025-06-02T01:10:05+08:00" level=info msg="level=info msg=\"Server running on: 8080\""
time="2025-06-02T01:10:05+08:00" level=info msg="level=info msg=\"正在監聽事件\""
time="2025-06-02T01:10:09+08:00" level=info msg="level=info msg=\"Server running on: 9080\""
time="2025-06-02T01:10:09+08:00" level=info msg="level=info msg=\"正在監聽事件\""
time="2025-06-02T01:14:58+08:00" level=info msg="level=info msg=\"Processing request...\" ip=118.168.215.210 method=GET path=/start_upload"
time="2025-06-02T01:14:58+08:00" level=info msg="level=info msg=\"Receive start train signal\""
time="2025-06-02T01:15:00+08:00" level=info msg="level=info msg=\"已更新AppContext, Session: sess-1748798098281689775\""
time="2025-06-02T01:15:02+08:00" level=info msg="level=info msg=\"收到訓練通知\""
time="2025-06-02T01:15:02+08:00" level=info msg="level=info msg=\"已更新 AppContext, Session: sess-1748798098281689775\""
time="2025-06-02T01:15:02+08:00" level=info msg="level=info msg=\"收到訓練通知\""
time="2025-06-02T01:15:02+08:00" level=info msg="level=info msg=\"StartTraining 成功送出: \""
time="2025-06-02T01:15:02+08:00" level=info msg="level=info msg=\"收到訓練通知\""
time="2025-06-02T01:15:02+08:00" level=info msg="level=info msg=\"已更新 AppContext, Session: sess-1748798098281689775\""
time="2025-06-02T01:15:03+08:00" level=info msg="level=info msg=\"成功參與訓練\""
time="2025-06-02T01:15:03+08:00" level=info msg="level=info msg=\"成功參與訓練\""
time="2025-06-02T01:15:03+08:00" level=info msg="level=info msg=\"成功參與訓練\""
time="2025-06-02T01:16:48+08:00" level=info msg="level=info msg=\"Processing request...\" ip=118.168.215.210 method=POST path=/upload_data"
time="2025-06-02T01:16:50+08:00" level=info msg="level=info msg=\"Upload to Fabric elapsed time: 2.142734499s\""
time="2025-06-02T01:16:50+08:00" level=info msg="level=info msg=\"Upload training data successful\""
time="2025-06-02T01:17:13+08:00" level=info msg="level=info msg=\"Processing request...\" ip=118.168.215.210 method=POST path=/upload_data"
time="2025-06-02T01:17:15+08:00" level=info msg="level=info msg=\"Upload to Fabric elapsed time: 2.183586393s\""
time="2025-06-02T01:17:15+08:00" level=info msg="level=info msg=\"Upload training data successful\""
time="2025-06-02T01:17:17+08:00" level=info msg="level=info msg=\"Processing request...\" ip=118.168.215.210 method=POST path=/upload_data"
time="2025-06-02T01:17:19+08:00" level=info msg="level=info msg=\"Upload to Fabric elapsed time: 2.20927766s\""
time="2025-06-02T01:17:19+08:00" level=info msg="level=info msg=\"Upload training data successful\""
time="2025-06-02T01:17:42+08:00" level=info msg="level=info msg=\"Processing request...\" ip=118.168.215.210 method=GET path=/end_upload"
time="2025-06-02T01:17:42+08:00" level=info msg="level=info msg=\"Stop uploading process...\""
time="2025-06-02T01:17:43+08:00" level=info msg="level=info msg=\"&[Org3MSP Org1MSP Org2MSP]\""
time="2025-06-02T01:17:43+08:00" level=info msg="level=info msg=\"End uploading process successfule...\""
time="2025-06-02T01:17:44+08:00" level=info msg="level=info msg=\"Processing request...\" ip=118.168.215.210 method=POST path=/get_data"
time="2025-06-02T01:17:44+08:00" level=info msg="level=info msg=\"Query data successfully\""
time="2025-06-02T01:17:44+08:00" level=info msg="level=info msg=\"Sending data to enclave server...\""
